<?xml version="1.0" encoding="UTF-8"?>
<testsuite name="edu.cmu.cs.cs214.rec02.IntQueueTest" tests="8" skipped="0" failures="0" errors="0" timestamp="2017-11-02T04:59:02" hostname="Yiyis-MacBook-Pro.local" time="0.019">
  <properties/>
  <testcase name="testEnqueueBorder" classname="edu.cmu.cs.cs214.rec02.IntQueueTest" time="0.001"/>
  <testcase name="testClear" classname="edu.cmu.cs.cs214.rec02.IntQueueTest" time="0.0"/>
  <testcase name="testPeek" classname="edu.cmu.cs.cs214.rec02.IntQueueTest" time="0.0"/>
  <testcase name="testSize" classname="edu.cmu.cs.cs214.rec02.IntQueueTest" time="0.0"/>
  <testcase name="testEnsureCap" classname="edu.cmu.cs.cs214.rec02.IntQueueTest" time="0.0"/>
  <testcase name="testContent" classname="edu.cmu.cs.cs214.rec02.IntQueueTest" time="0.015"/>
  <testcase name="testIsEmpty" classname="edu.cmu.cs.cs214.rec02.IntQueueTest" time="0.001"/>
  <testcase name="testDequeueEmpty" classname="edu.cmu.cs.cs214.rec02.IntQueueTest" time="0.0"/>
  <system-out><![CDATA[1
5
2
1
4
]]></system-out>
  <system-err><![CDATA[]]></system-err>
</testsuite>
