<?xml version="1.0" encoding="UTF-8"?>
<testsuite name="edu.cmu.cs.cs214.hw2.termcalc.MyExpressionMakerTest" tests="8" skipped="0" failures="0" errors="0" timestamp="2017-09-14T01:55:01" hostname="applematoMacBook-Air.local" time="0.018">
  <properties/>
  <testcase name="testSumExpression" classname="edu.cmu.cs.cs214.hw2.termcalc.MyExpressionMakerTest" time="0.0"/>
  <testcase name="testAbsoluteValueExpression" classname="edu.cmu.cs.cs214.hw2.termcalc.MyExpressionMakerTest" time="0.002"/>
  <testcase name="testProductExpression" classname="edu.cmu.cs.cs214.hw2.termcalc.MyExpressionMakerTest" time="0.001"/>
  <testcase name="testNumberExpressionn" classname="edu.cmu.cs.cs214.hw2.termcalc.MyExpressionMakerTest" time="0.0"/>
  <testcase name="testDivisionExpression" classname="edu.cmu.cs.cs214.hw2.termcalc.MyExpressionMakerTest" time="0.0"/>
  <testcase name="testNegationExpression" classname="edu.cmu.cs.cs214.hw2.termcalc.MyExpressionMakerTest" time="0.004"/>
  <testcase name="testExponentiationExpression" classname="edu.cmu.cs.cs214.hw2.termcalc.MyExpressionMakerTest" time="0.0"/>
  <testcase name="testDifferenceExpression" classname="edu.cmu.cs.cs214.hw2.termcalc.MyExpressionMakerTest" time="0.0"/>
  <system-out><![CDATA[]]></system-out>
  <system-err><![CDATA[]]></system-err>
</testsuite>
